<?xml version="1.0" encoding="UTF-8"?>
<!-- Generated by org.testng.reporters.JUnitReportReporter -->
<testsuite hostname="IB-Pune-LAP-358" failures="0" tests="2" name="opencart.tests.LoginPageTest" time="2.861" errors="0" timestamp="29 Aug 2022 09:34:37 GMT" skipped="0">
  <testcase classname="opencart.tests.LoginPageTest" name="loginPageNavigationTest" time="0.931"/>
  <testcase classname="opencart.tests.LoginPageTest" name="appLoginTest" time="1.930"/>
</testsuite> <!-- opencart.tests.LoginPageTest -->
