<?xml version="1.0" encoding="UTF-8"?>
<!-- Generated by org.testng.reporters.JUnitReportReporter -->
<testsuite hostname="IB-Pune-LAP-358" failures="0" tests="5" name="opencart.tests.HomepageTest" time="2.933" errors="0" timestamp="29 Aug 2022 09:34:37 GMT" skipped="0">
  <testcase classname="opencart.tests.HomepageTest" name="searchTest" time="1.076"/>
  <testcase classname="opencart.tests.HomepageTest" name="homePageTitleTest" time="0.072"/>
  <testcase classname="opencart.tests.HomepageTest" name="homePageURLTest" time="0.004"/>
  <testcase classname="opencart.tests.HomepageTest" name="searchTest" time="1.041"/>
  <testcase classname="opencart.tests.HomepageTest" name="searchTest" time="0.740"/>
</testsuite> <!-- opencart.tests.HomepageTest -->
